# Logfile created on 2014-04-01 23:51:40 +1100 by logger.rb/44203
D, [2014-04-01T23:51:40.634418 #41984] DEBUG -- : REQUESTING PAGE: GET / with {} and HTTP headers {}
D, [2014-04-01T23:52:22.568991 #41991] DEBUG -- : REQUESTING PAGE: GET / with {} and HTTP headers {}
D, [2014-04-01T23:52:22.584257 #41991] DEBUG -- : REQUESTING PAGE: GET /about with {} and HTTP headers {"HTTP_REFERER"=>"/"}
D, [2014-04-01T23:53:38.502971 #42001] DEBUG -- : REQUESTING PAGE: GET / with {} and HTTP headers {}
D, [2014-04-01T23:53:38.519109 #42001] DEBUG -- : REQUESTING PAGE: GET /about with {} and HTTP headers {"HTTP_REFERER"=>"/"}
D, [2014-04-01T23:53:38.535515 #42001] DEBUG -- : REQUESTING PAGE: GET /contact with {} and HTTP headers {"HTTP_REFERER"=>"/about"}
D, [2014-04-01T23:53:38.552824 #42001] DEBUG -- : REQUESTING PAGE: GET / with {} and HTTP headers {"HTTP_REFERER"=>"/contact"}
D, [2014-04-01T23:53:38.568027 #42001] DEBUG -- : REQUESTING PAGE: GET /signup with {} and HTTP headers {"HTTP_REFERER"=>"/"}
D, [2014-04-01T23:53:51.829129 #42007] DEBUG -- : REQUESTING PAGE: GET / with {} and HTTP headers {}
D, [2014-04-01T23:53:51.846529 #42007] DEBUG -- : REQUESTING PAGE: GET /about with {} and HTTP headers {"HTTP_REFERER"=>"/"}
D, [2014-04-01T23:53:51.861214 #42007] DEBUG -- : REQUESTING PAGE: GET /contact with {} and HTTP headers {"HTTP_REFERER"=>"/about"}
D, [2014-04-01T23:53:51.876336 #42007] DEBUG -- : REQUESTING PAGE: GET / with {} and HTTP headers {"HTTP_REFERER"=>"/contact"}
D, [2014-04-01T23:53:51.891497 #42007] DEBUG -- : REQUESTING PAGE: GET /signup with {} and HTTP headers {"HTTP_REFERER"=>"/"}
D, [2014-04-01T23:55:08.456124 #42016] DEBUG -- : REQUESTING PAGE: GET / with {} and HTTP headers {}
D, [2014-04-01T23:55:08.542598 #42016] DEBUG -- : REQUESTING PAGE: GET /about with {} and HTTP headers {"HTTP_REFERER"=>"/"}
D, [2014-04-01T23:55:08.558321 #42016] DEBUG -- : REQUESTING PAGE: GET /contact with {} and HTTP headers {"HTTP_REFERER"=>"/about"}
D, [2014-04-01T23:55:08.573436 #42016] DEBUG -- : REQUESTING PAGE: GET / with {} and HTTP headers {"HTTP_REFERER"=>"/contact"}
D, [2014-04-01T23:55:08.587450 #42016] DEBUG -- : REQUESTING PAGE: GET /signup with {} and HTTP headers {"HTTP_REFERER"=>"/"}
D, [2014-04-01T23:55:58.587414 #42023] DEBUG -- : REQUESTING PAGE: GET / with {} and HTTP headers {}
D, [2014-04-01T23:55:58.649681 #42023] DEBUG -- : REQUESTING PAGE: GET /about with {} and HTTP headers {"HTTP_REFERER"=>"/"}
D, [2014-04-01T23:55:58.664751 #42023] DEBUG -- : REQUESTING PAGE: GET /contact with {} and HTTP headers {"HTTP_REFERER"=>"/about"}
D, [2014-04-01T23:55:58.678766 #42023] DEBUG -- : REQUESTING PAGE: GET / with {} and HTTP headers {"HTTP_REFERER"=>"/contact"}
D, [2014-04-01T23:55:58.692542 #42023] DEBUG -- : REQUESTING PAGE: GET /signup with {} and HTTP headers {"HTTP_REFERER"=>"/"}
D, [2014-04-01T23:56:44.146249 #42040] DEBUG -- : REQUESTING PAGE: GET / with {} and HTTP headers {}
D, [2014-04-01T23:56:44.206263 #42040] DEBUG -- : REQUESTING PAGE: GET /about with {} and HTTP headers {"HTTP_REFERER"=>"/"}
D, [2014-04-01T23:56:44.220675 #42040] DEBUG -- : REQUESTING PAGE: GET /contact with {} and HTTP headers {"HTTP_REFERER"=>"/about"}
D, [2014-04-01T23:56:44.234215 #42040] DEBUG -- : REQUESTING PAGE: GET / with {} and HTTP headers {"HTTP_REFERER"=>"/contact"}
D, [2014-04-01T23:56:44.247546 #42040] DEBUG -- : REQUESTING PAGE: GET /signup with {} and HTTP headers {"HTTP_REFERER"=>"/"}
D, [2014-04-01T23:57:47.984747 #42056] DEBUG -- : REQUESTING PAGE: GET / with {} and HTTP headers {}
D, [2014-04-01T23:57:48.000834 #42056] DEBUG -- : REQUESTING PAGE: GET /about with {} and HTTP headers {"HTTP_REFERER"=>"/"}
D, [2014-04-01T23:57:48.040257 #42056] DEBUG -- : REQUESTING PAGE: GET /contact with {} and HTTP headers {"HTTP_REFERER"=>"/about"}
D, [2014-04-01T23:57:48.055576 #42056] DEBUG -- : REQUESTING PAGE: GET / with {} and HTTP headers {"HTTP_REFERER"=>"/contact"}
D, [2014-04-01T23:57:48.068915 #42056] DEBUG -- : REQUESTING PAGE: GET /signup with {} and HTTP headers {"HTTP_REFERER"=>"/"}
